Starting Sprint 3 pipeline...
Dataset: ../diabetes_dataset.csv
Evidence output directory: out/evidence

[1/7] Running data quality checks...
Data quality report written to out/evidence/data_quality_report.txt
[2/7] Running feature engineering...
Cleaned dataset written to out/cleaned_diabetes_data.csv
Feature engineering summary written to out/evidence/feature_engineering_summary.txt
[3/7] Building cohort prevalence summary...
Cohort prevalence summary written to out/evidence/cohort_prevalence_summary.csv
[4/7] Ranking high-risk profiles...
Ranked high-risk profiles written to out/evidence/ranked_high_risk_profiles.csv
[5/7] Building location prevalence summary...
Location prevalence summary written to out/evidence/location_prevalence_profile.csv
[6/7] Building rule-based risk flags...
Risk rule flags written to out/evidence/risk_rule_flags.csv
[7/7] Running assumption test...
Wrote: out/evidence/assumption_test_id_repeats_top20.txt
Wrote: out/evidence/assumption_test_category_distinct_sample.txt

Sprint 3 pipeline completed.
Run log: out/run_sprint3.log
Error log: out/errors.log
